[2022-10-31 16:48:24.510] [INFO ] [] [restartedMain] [o.s.b.d.env.DevToolsPropertyDefaultsPostProcessor] : Devtools property defaults active! Set 'spring.devtools.add-properties' to 'false' to disable
[2022-10-31 16:48:25.953] [INFO ] [] [restartedMain] [c.a.n.client.config.impl.LocalConfigInfoProcessor] : LOCAL_SNAPSHOT_PATH:C:\Users\86134\nacos\config
[2022-10-31 16:48:25.995] [INFO ] [] [restartedMain] [com.alibaba.nacos.client.config.impl.Limiter] : limitTime:5.0
[2022-10-31 16:48:26.066] [WARN ] [] [restartedMain] [c.a.cloud.nacos.client.NacosPropertySourceBuilder] : Ignore the empty nacos configuration and get it based on dataId[gateway] & group[DEFAULT_GROUP]
[2022-10-31 16:48:26.070] [WARN ] [] [restartedMain] [c.a.cloud.nacos.client.NacosPropertySourceBuilder] : Ignore the empty nacos configuration and get it based on dataId[gateway.yaml] & group[DEFAULT_GROUP]
[2022-10-31 16:48:26.187] [INFO ] [] [restartedMain] [com.alibaba.nacos.client.config.utils.JvmUtil] : isMultiInstance:false
[2022-10-31 16:48:26.203] [INFO ] [] [restartedMain] [o.s.c.b.c.PropertySourceBootstrapConfiguration] : Located property source: [BootstrapPropertySource {name='bootstrapProperties-gateway-dev.yaml,DEFAULT_GROUP'}, BootstrapPropertySource {name='bootstrapProperties-gateway.yaml,DEFAULT_GROUP'}, BootstrapPropertySource {name='bootstrapProperties-gateway,DEFAULT_GROUP'}]
[2022-10-31 16:50:32.041] [INFO ] [] [restartedMain] [o.s.b.d.env.DevToolsPropertyDefaultsPostProcessor] : Devtools property defaults active! Set 'spring.devtools.add-properties' to 'false' to disable
[2022-10-31 16:50:33.516] [INFO ] [] [restartedMain] [c.a.n.client.config.impl.LocalConfigInfoProcessor] : LOCAL_SNAPSHOT_PATH:C:\Users\86134\nacos\config
[2022-10-31 16:50:33.580] [INFO ] [] [restartedMain] [com.alibaba.nacos.client.config.impl.Limiter] : limitTime:5.0
[2022-10-31 16:50:33.641] [WARN ] [] [restartedMain] [c.a.cloud.nacos.client.NacosPropertySourceBuilder] : Ignore the empty nacos configuration and get it based on dataId[gateway] & group[DEFAULT_GROUP]
[2022-10-31 16:50:33.655] [WARN ] [] [restartedMain] [c.a.cloud.nacos.client.NacosPropertySourceBuilder] : Ignore the empty nacos configuration and get it based on dataId[gateway.yaml] & group[DEFAULT_GROUP]
[2022-10-31 16:50:33.692] [INFO ] [] [restartedMain] [com.alibaba.nacos.client.config.utils.JvmUtil] : isMultiInstance:false
[2022-10-31 16:50:33.724] [INFO ] [] [restartedMain] [o.s.c.b.c.PropertySourceBootstrapConfiguration] : Located property source: [BootstrapPropertySource {name='bootstrapProperties-gateway-dev.yaml,DEFAULT_GROUP'}, BootstrapPropertySource {name='bootstrapProperties-gateway.yaml,DEFAULT_GROUP'}, BootstrapPropertySource {name='bootstrapProperties-gateway,DEFAULT_GROUP'}]
[2022-10-31 16:52:32.830] [INFO ] [] [restartedMain] [o.s.b.d.env.DevToolsPropertyDefaultsPostProcessor] : Devtools property defaults active! Set 'spring.devtools.add-properties' to 'false' to disable
[2022-10-31 16:52:34.274] [INFO ] [] [restartedMain] [c.a.n.client.config.impl.LocalConfigInfoProcessor] : LOCAL_SNAPSHOT_PATH:C:\Users\86134\nacos\config
[2022-10-31 16:52:34.314] [INFO ] [] [restartedMain] [com.alibaba.nacos.client.config.impl.Limiter] : limitTime:5.0
[2022-10-31 16:52:34.344] [WARN ] [] [restartedMain] [c.a.cloud.nacos.client.NacosPropertySourceBuilder] : Ignore the empty nacos configuration and get it based on dataId[gateway] & group[DEFAULT_GROUP]
[2022-10-31 16:52:34.349] [WARN ] [] [restartedMain] [c.a.cloud.nacos.client.NacosPropertySourceBuilder] : Ignore the empty nacos configuration and get it based on dataId[gateway.yaml] & group[DEFAULT_GROUP]
[2022-10-31 16:52:34.355] [INFO ] [] [restartedMain] [com.alibaba.nacos.client.config.utils.JvmUtil] : isMultiInstance:false
[2022-10-31 16:52:34.366] [INFO ] [] [restartedMain] [o.s.c.b.c.PropertySourceBootstrapConfiguration] : Located property source: [BootstrapPropertySource {name='bootstrapProperties-gateway-dev.yaml,DEFAULT_GROUP'}, BootstrapPropertySource {name='bootstrapProperties-gateway.yaml,DEFAULT_GROUP'}, BootstrapPropertySource {name='bootstrapProperties-gateway,DEFAULT_GROUP'}]
[2022-10-31 16:55:27.304] [INFO ] [] [restartedMain] [o.s.b.d.env.DevToolsPropertyDefaultsPostProcessor] : Devtools property defaults active! Set 'spring.devtools.add-properties' to 'false' to disable
[2022-10-31 16:55:28.737] [INFO ] [] [restartedMain] [c.a.n.client.config.impl.LocalConfigInfoProcessor] : LOCAL_SNAPSHOT_PATH:C:\Users\86134\nacos\config
[2022-10-31 16:55:28.779] [INFO ] [] [restartedMain] [com.alibaba.nacos.client.config.impl.Limiter] : limitTime:5.0
[2022-10-31 16:55:28.817] [WARN ] [] [restartedMain] [c.a.cloud.nacos.client.NacosPropertySourceBuilder] : Ignore the empty nacos configuration and get it based on dataId[gateway] & group[DEFAULT_GROUP]
[2022-10-31 16:55:28.823] [WARN ] [] [restartedMain] [c.a.cloud.nacos.client.NacosPropertySourceBuilder] : Ignore the empty nacos configuration and get it based on dataId[gateway.yaml] & group[DEFAULT_GROUP]
[2022-10-31 16:55:28.829] [INFO ] [] [restartedMain] [com.alibaba.nacos.client.config.utils.JvmUtil] : isMultiInstance:false
[2022-10-31 16:55:28.842] [INFO ] [] [restartedMain] [o.s.c.b.c.PropertySourceBootstrapConfiguration] : Located property source: [BootstrapPropertySource {name='bootstrapProperties-gateway-dev.yaml,DEFAULT_GROUP'}, BootstrapPropertySource {name='bootstrapProperties-gateway.yaml,DEFAULT_GROUP'}, BootstrapPropertySource {name='bootstrapProperties-gateway,DEFAULT_GROUP'}]
[2022-10-31 16:57:36.161] [INFO ] [] [restartedMain] [o.s.b.d.env.DevToolsPropertyDefaultsPostProcessor] : Devtools property defaults active! Set 'spring.devtools.add-properties' to 'false' to disable
[2022-10-31 16:57:37.646] [INFO ] [] [restartedMain] [c.a.n.client.config.impl.LocalConfigInfoProcessor] : LOCAL_SNAPSHOT_PATH:C:\Users\86134\nacos\config
[2022-10-31 16:57:37.694] [INFO ] [] [restartedMain] [com.alibaba.nacos.client.config.impl.Limiter] : limitTime:5.0
[2022-10-31 16:57:37.726] [WARN ] [] [restartedMain] [c.a.cloud.nacos.client.NacosPropertySourceBuilder] : Ignore the empty nacos configuration and get it based on dataId[gateway] & group[DEFAULT_GROUP]
[2022-10-31 16:57:37.732] [WARN ] [] [restartedMain] [c.a.cloud.nacos.client.NacosPropertySourceBuilder] : Ignore the empty nacos configuration and get it based on dataId[gateway.yaml] & group[DEFAULT_GROUP]
[2022-10-31 16:57:37.737] [INFO ] [] [restartedMain] [com.alibaba.nacos.client.config.utils.JvmUtil] : isMultiInstance:false
[2022-10-31 16:57:37.750] [INFO ] [] [restartedMain] [o.s.c.b.c.PropertySourceBootstrapConfiguration] : Located property source: [BootstrapPropertySource {name='bootstrapProperties-gateway-dev.yaml,DEFAULT_GROUP'}, BootstrapPropertySource {name='bootstrapProperties-gateway.yaml,DEFAULT_GROUP'}, BootstrapPropertySource {name='bootstrapProperties-gateway,DEFAULT_GROUP'}]
[2022-10-31 16:58:41.418] [INFO ] [] [restartedMain] [o.s.b.d.env.DevToolsPropertyDefaultsPostProcessor] : Devtools property defaults active! Set 'spring.devtools.add-properties' to 'false' to disable
[2022-10-31 16:58:42.902] [INFO ] [] [restartedMain] [c.a.n.client.config.impl.LocalConfigInfoProcessor] : LOCAL_SNAPSHOT_PATH:C:\Users\86134\nacos\config
[2022-10-31 16:58:42.952] [INFO ] [] [restartedMain] [com.alibaba.nacos.client.config.impl.Limiter] : limitTime:5.0
[2022-10-31 16:58:42.989] [WARN ] [] [restartedMain] [c.a.cloud.nacos.client.NacosPropertySourceBuilder] : Ignore the empty nacos configuration and get it based on dataId[gateway] & group[DEFAULT_GROUP]
[2022-10-31 16:58:42.998] [WARN ] [] [restartedMain] [c.a.cloud.nacos.client.NacosPropertySourceBuilder] : Ignore the empty nacos configuration and get it based on dataId[gateway.yaml] & group[DEFAULT_GROUP]
[2022-10-31 16:58:43.004] [INFO ] [] [restartedMain] [com.alibaba.nacos.client.config.utils.JvmUtil] : isMultiInstance:false
[2022-10-31 16:58:43.021] [INFO ] [] [restartedMain] [o.s.c.b.c.PropertySourceBootstrapConfiguration] : Located property source: [BootstrapPropertySource {name='bootstrapProperties-gateway-dev.yaml,DEFAULT_GROUP'}, BootstrapPropertySource {name='bootstrapProperties-gateway.yaml,DEFAULT_GROUP'}, BootstrapPropertySource {name='bootstrapProperties-gateway,DEFAULT_GROUP'}]
[2022-10-31 16:59:46.353] [INFO ] [] [restartedMain] [o.s.b.d.env.DevToolsPropertyDefaultsPostProcessor] : Devtools property defaults active! Set 'spring.devtools.add-properties' to 'false' to disable
[2022-10-31 16:59:47.834] [INFO ] [] [restartedMain] [c.a.n.client.config.impl.LocalConfigInfoProcessor] : LOCAL_SNAPSHOT_PATH:C:\Users\86134\nacos\config
[2022-10-31 16:59:47.876] [INFO ] [] [restartedMain] [com.alibaba.nacos.client.config.impl.Limiter] : limitTime:5.0
[2022-10-31 16:59:47.906] [WARN ] [] [restartedMain] [c.a.cloud.nacos.client.NacosPropertySourceBuilder] : Ignore the empty nacos configuration and get it based on dataId[gateway] & group[DEFAULT_GROUP]
[2022-10-31 16:59:47.911] [WARN ] [] [restartedMain] [c.a.cloud.nacos.client.NacosPropertySourceBuilder] : Ignore the empty nacos configuration and get it based on dataId[gateway.yaml] & group[DEFAULT_GROUP]
[2022-10-31 16:59:47.917] [INFO ] [] [restartedMain] [com.alibaba.nacos.client.config.utils.JvmUtil] : isMultiInstance:false
[2022-10-31 16:59:47.929] [INFO ] [] [restartedMain] [o.s.c.b.c.PropertySourceBootstrapConfiguration] : Located property source: [BootstrapPropertySource {name='bootstrapProperties-gateway-dev.yaml,DEFAULT_GROUP'}, BootstrapPropertySource {name='bootstrapProperties-gateway.yaml,DEFAULT_GROUP'}, BootstrapPropertySource {name='bootstrapProperties-gateway,DEFAULT_GROUP'}]
[2022-10-31 17:01:14.518] [INFO ] [] [restartedMain] [o.s.b.d.env.DevToolsPropertyDefaultsPostProcessor] : Devtools property defaults active! Set 'spring.devtools.add-properties' to 'false' to disable
[2022-10-31 17:01:15.783] [INFO ] [] [restartedMain] [c.a.n.client.config.impl.LocalConfigInfoProcessor] : LOCAL_SNAPSHOT_PATH:C:\Users\86134\nacos\config
[2022-10-31 17:01:15.828] [INFO ] [] [restartedMain] [com.alibaba.nacos.client.config.impl.Limiter] : limitTime:5.0
[2022-10-31 17:01:15.860] [WARN ] [] [restartedMain] [c.a.cloud.nacos.client.NacosPropertySourceBuilder] : Ignore the empty nacos configuration and get it based on dataId[gateway] & group[DEFAULT_GROUP]
[2022-10-31 17:01:15.872] [WARN ] [] [restartedMain] [c.a.cloud.nacos.client.NacosPropertySourceBuilder] : Ignore the empty nacos configuration and get it based on dataId[gateway.yaml] & group[DEFAULT_GROUP]
[2022-10-31 17:01:15.877] [INFO ] [] [restartedMain] [com.alibaba.nacos.client.config.utils.JvmUtil] : isMultiInstance:false
[2022-10-31 17:01:15.890] [INFO ] [] [restartedMain] [o.s.c.b.c.PropertySourceBootstrapConfiguration] : Located property source: [BootstrapPropertySource {name='bootstrapProperties-gateway-dev.yaml,DEFAULT_GROUP'}, BootstrapPropertySource {name='bootstrapProperties-gateway.yaml,DEFAULT_GROUP'}, BootstrapPropertySource {name='bootstrapProperties-gateway,DEFAULT_GROUP'}]
[2022-10-31 17:03:52.222] [INFO ] [] [restartedMain] [o.s.b.d.env.DevToolsPropertyDefaultsPostProcessor] : Devtools property defaults active! Set 'spring.devtools.add-properties' to 'false' to disable
[2022-10-31 17:03:53.515] [INFO ] [] [restartedMain] [c.a.n.client.config.impl.LocalConfigInfoProcessor] : LOCAL_SNAPSHOT_PATH:C:\Users\86134\nacos\config
[2022-10-31 17:03:53.569] [INFO ] [] [restartedMain] [com.alibaba.nacos.client.config.impl.Limiter] : limitTime:5.0
[2022-10-31 17:03:53.614] [WARN ] [] [restartedMain] [c.a.cloud.nacos.client.NacosPropertySourceBuilder] : Ignore the empty nacos configuration and get it based on dataId[gateway] & group[DEFAULT_GROUP]
[2022-10-31 17:03:53.620] [WARN ] [] [restartedMain] [c.a.cloud.nacos.client.NacosPropertySourceBuilder] : Ignore the empty nacos configuration and get it based on dataId[gateway.yaml] & group[DEFAULT_GROUP]
[2022-10-31 17:03:53.626] [INFO ] [] [restartedMain] [com.alibaba.nacos.client.config.utils.JvmUtil] : isMultiInstance:false
[2022-10-31 17:03:53.641] [INFO ] [] [restartedMain] [o.s.c.b.c.PropertySourceBootstrapConfiguration] : Located property source: [BootstrapPropertySource {name='bootstrapProperties-gateway-dev.yaml,DEFAULT_GROUP'}, BootstrapPropertySource {name='bootstrapProperties-gateway.yaml,DEFAULT_GROUP'}, BootstrapPropertySource {name='bootstrapProperties-gateway,DEFAULT_GROUP'}]
[2022-10-31 17:06:35.280] [INFO ] [] [restartedMain] [o.s.b.d.env.DevToolsPropertyDefaultsPostProcessor] : Devtools property defaults active! Set 'spring.devtools.add-properties' to 'false' to disable
[2022-10-31 17:06:36.654] [INFO ] [] [restartedMain] [c.a.n.client.config.impl.LocalConfigInfoProcessor] : LOCAL_SNAPSHOT_PATH:C:\Users\86134\nacos\config
[2022-10-31 17:06:36.696] [INFO ] [] [restartedMain] [com.alibaba.nacos.client.config.impl.Limiter] : limitTime:5.0
[2022-10-31 17:06:36.728] [WARN ] [] [restartedMain] [c.a.cloud.nacos.client.NacosPropertySourceBuilder] : Ignore the empty nacos configuration and get it based on dataId[gateway] & group[DEFAULT_GROUP]
[2022-10-31 17:06:36.733] [WARN ] [] [restartedMain] [c.a.cloud.nacos.client.NacosPropertySourceBuilder] : Ignore the empty nacos configuration and get it based on dataId[gateway.yaml] & group[DEFAULT_GROUP]
[2022-10-31 17:06:36.740] [INFO ] [] [restartedMain] [com.alibaba.nacos.client.config.utils.JvmUtil] : isMultiInstance:false
[2022-10-31 17:06:36.754] [INFO ] [] [restartedMain] [o.s.c.b.c.PropertySourceBootstrapConfiguration] : Located property source: [BootstrapPropertySource {name='bootstrapProperties-gateway-dev.yaml,DEFAULT_GROUP'}, BootstrapPropertySource {name='bootstrapProperties-gateway.yaml,DEFAULT_GROUP'}, BootstrapPropertySource {name='bootstrapProperties-gateway,DEFAULT_GROUP'}]
[2022-10-31 17:08:32.747] [INFO ] [] [restartedMain] [o.s.b.d.env.DevToolsPropertyDefaultsPostProcessor] : Devtools property defaults active! Set 'spring.devtools.add-properties' to 'false' to disable
[2022-10-31 17:08:34.050] [INFO ] [] [restartedMain] [c.a.n.client.config.impl.LocalConfigInfoProcessor] : LOCAL_SNAPSHOT_PATH:C:\Users\86134\nacos\config
[2022-10-31 17:08:34.095] [INFO ] [] [restartedMain] [com.alibaba.nacos.client.config.impl.Limiter] : limitTime:5.0
[2022-10-31 17:08:34.129] [WARN ] [] [restartedMain] [c.a.cloud.nacos.client.NacosPropertySourceBuilder] : Ignore the empty nacos configuration and get it based on dataId[gateway] & group[DEFAULT_GROUP]
[2022-10-31 17:08:34.134] [WARN ] [] [restartedMain] [c.a.cloud.nacos.client.NacosPropertySourceBuilder] : Ignore the empty nacos configuration and get it based on dataId[gateway.yaml] & group[DEFAULT_GROUP]
[2022-10-31 17:08:34.139] [INFO ] [] [restartedMain] [com.alibaba.nacos.client.config.utils.JvmUtil] : isMultiInstance:false
[2022-10-31 17:08:34.151] [INFO ] [] [restartedMain] [o.s.c.b.c.PropertySourceBootstrapConfiguration] : Located property source: [BootstrapPropertySource {name='bootstrapProperties-gateway-dev.yaml,DEFAULT_GROUP'}, BootstrapPropertySource {name='bootstrapProperties-gateway.yaml,DEFAULT_GROUP'}, BootstrapPropertySource {name='bootstrapProperties-gateway,DEFAULT_GROUP'}]
[2022-10-31 17:13:20.247] [INFO ] [] [restartedMain] [o.s.b.d.env.DevToolsPropertyDefaultsPostProcessor] : Devtools property defaults active! Set 'spring.devtools.add-properties' to 'false' to disable
[2022-10-31 17:13:21.532] [INFO ] [] [restartedMain] [c.a.n.client.config.impl.LocalConfigInfoProcessor] : LOCAL_SNAPSHOT_PATH:C:\Users\86134\nacos\config
[2022-10-31 17:13:21.576] [INFO ] [] [restartedMain] [com.alibaba.nacos.client.config.impl.Limiter] : limitTime:5.0
[2022-10-31 17:13:21.608] [WARN ] [] [restartedMain] [c.a.cloud.nacos.client.NacosPropertySourceBuilder] : Ignore the empty nacos configuration and get it based on dataId[gateway] & group[DEFAULT_GROUP]
[2022-10-31 17:13:21.615] [WARN ] [] [restartedMain] [c.a.cloud.nacos.client.NacosPropertySourceBuilder] : Ignore the empty nacos configuration and get it based on dataId[gateway.yaml] & group[DEFAULT_GROUP]
[2022-10-31 17:13:21.620] [INFO ] [] [restartedMain] [com.alibaba.nacos.client.config.utils.JvmUtil] : isMultiInstance:false
[2022-10-31 17:13:21.633] [INFO ] [] [restartedMain] [o.s.c.b.c.PropertySourceBootstrapConfiguration] : Located property source: [BootstrapPropertySource {name='bootstrapProperties-gateway-dev.yaml,DEFAULT_GROUP'}, BootstrapPropertySource {name='bootstrapProperties-gateway.yaml,DEFAULT_GROUP'}, BootstrapPropertySource {name='bootstrapProperties-gateway,DEFAULT_GROUP'}]
[2022-10-31 17:15:55.736] [INFO ] [] [restartedMain] [o.s.b.d.env.DevToolsPropertyDefaultsPostProcessor] : Devtools property defaults active! Set 'spring.devtools.add-properties' to 'false' to disable
[2022-10-31 17:15:57.015] [INFO ] [] [restartedMain] [c.a.n.client.config.impl.LocalConfigInfoProcessor] : LOCAL_SNAPSHOT_PATH:C:\Users\86134\nacos\config
[2022-10-31 17:15:57.058] [INFO ] [] [restartedMain] [com.alibaba.nacos.client.config.impl.Limiter] : limitTime:5.0
[2022-10-31 17:15:57.090] [WARN ] [] [restartedMain] [c.a.cloud.nacos.client.NacosPropertySourceBuilder] : Ignore the empty nacos configuration and get it based on dataId[gateway] & group[DEFAULT_GROUP]
[2022-10-31 17:15:57.096] [WARN ] [] [restartedMain] [c.a.cloud.nacos.client.NacosPropertySourceBuilder] : Ignore the empty nacos configuration and get it based on dataId[gateway.yaml] & group[DEFAULT_GROUP]
[2022-10-31 17:15:57.102] [INFO ] [] [restartedMain] [com.alibaba.nacos.client.config.utils.JvmUtil] : isMultiInstance:false
[2022-10-31 17:15:57.114] [INFO ] [] [restartedMain] [o.s.c.b.c.PropertySourceBootstrapConfiguration] : Located property source: [BootstrapPropertySource {name='bootstrapProperties-gateway-dev.yaml,DEFAULT_GROUP'}, BootstrapPropertySource {name='bootstrapProperties-gateway.yaml,DEFAULT_GROUP'}, BootstrapPropertySource {name='bootstrapProperties-gateway,DEFAULT_GROUP'}]
[2022-10-31 17:16:48.396] [INFO ] [] [restartedMain] [o.s.b.d.env.DevToolsPropertyDefaultsPostProcessor] : Devtools property defaults active! Set 'spring.devtools.add-properties' to 'false' to disable
[2022-10-31 17:16:49.682] [INFO ] [] [restartedMain] [c.a.n.client.config.impl.LocalConfigInfoProcessor] : LOCAL_SNAPSHOT_PATH:C:\Users\86134\nacos\config
[2022-10-31 17:16:49.726] [INFO ] [] [restartedMain] [com.alibaba.nacos.client.config.impl.Limiter] : limitTime:5.0
[2022-10-31 17:16:49.757] [WARN ] [] [restartedMain] [c.a.cloud.nacos.client.NacosPropertySourceBuilder] : Ignore the empty nacos configuration and get it based on dataId[gateway] & group[DEFAULT_GROUP]
[2022-10-31 17:16:49.763] [WARN ] [] [restartedMain] [c.a.cloud.nacos.client.NacosPropertySourceBuilder] : Ignore the empty nacos configuration and get it based on dataId[gateway.yaml] & group[DEFAULT_GROUP]
[2022-10-31 17:16:49.768] [INFO ] [] [restartedMain] [com.alibaba.nacos.client.config.utils.JvmUtil] : isMultiInstance:false
[2022-10-31 17:16:49.779] [INFO ] [] [restartedMain] [o.s.c.b.c.PropertySourceBootstrapConfiguration] : Located property source: [BootstrapPropertySource {name='bootstrapProperties-gateway-dev.yaml,DEFAULT_GROUP'}, BootstrapPropertySource {name='bootstrapProperties-gateway.yaml,DEFAULT_GROUP'}, BootstrapPropertySource {name='bootstrapProperties-gateway,DEFAULT_GROUP'}]
[2022-10-31 17:18:07.375] [INFO ] [] [restartedMain] [o.s.b.d.env.DevToolsPropertyDefaultsPostProcessor] : Devtools property defaults active! Set 'spring.devtools.add-properties' to 'false' to disable
[2022-10-31 17:18:08.692] [INFO ] [] [restartedMain] [c.a.n.client.config.impl.LocalConfigInfoProcessor] : LOCAL_SNAPSHOT_PATH:C:\Users\86134\nacos\config
[2022-10-31 17:18:08.735] [INFO ] [] [restartedMain] [com.alibaba.nacos.client.config.impl.Limiter] : limitTime:5.0
[2022-10-31 17:18:08.765] [WARN ] [] [restartedMain] [c.a.cloud.nacos.client.NacosPropertySourceBuilder] : Ignore the empty nacos configuration and get it based on dataId[gateway] & group[DEFAULT_GROUP]
[2022-10-31 17:18:08.771] [WARN ] [] [restartedMain] [c.a.cloud.nacos.client.NacosPropertySourceBuilder] : Ignore the empty nacos configuration and get it based on dataId[gateway.yaml] & group[DEFAULT_GROUP]
[2022-10-31 17:18:08.777] [INFO ] [] [restartedMain] [com.alibaba.nacos.client.config.utils.JvmUtil] : isMultiInstance:false
[2022-10-31 17:18:08.790] [INFO ] [] [restartedMain] [o.s.c.b.c.PropertySourceBootstrapConfiguration] : Located property source: [BootstrapPropertySource {name='bootstrapProperties-gateway-dev.yaml,DEFAULT_GROUP'}, BootstrapPropertySource {name='bootstrapProperties-gateway.yaml,DEFAULT_GROUP'}, BootstrapPropertySource {name='bootstrapProperties-gateway,DEFAULT_GROUP'}]
[2022-10-31 17:19:00.049] [INFO ] [] [restartedMain] [o.s.b.d.env.DevToolsPropertyDefaultsPostProcessor] : Devtools property defaults active! Set 'spring.devtools.add-properties' to 'false' to disable
[2022-10-31 17:19:01.323] [INFO ] [] [restartedMain] [c.a.n.client.config.impl.LocalConfigInfoProcessor] : LOCAL_SNAPSHOT_PATH:C:\Users\86134\nacos\config
[2022-10-31 17:19:01.365] [INFO ] [] [restartedMain] [com.alibaba.nacos.client.config.impl.Limiter] : limitTime:5.0
[2022-10-31 17:19:01.396] [WARN ] [] [restartedMain] [c.a.cloud.nacos.client.NacosPropertySourceBuilder] : Ignore the empty nacos configuration and get it based on dataId[gateway] & group[DEFAULT_GROUP]
[2022-10-31 17:19:01.402] [WARN ] [] [restartedMain] [c.a.cloud.nacos.client.NacosPropertySourceBuilder] : Ignore the empty nacos configuration and get it based on dataId[gateway.yaml] & group[DEFAULT_GROUP]
[2022-10-31 17:19:01.410] [INFO ] [] [restartedMain] [com.alibaba.nacos.client.config.utils.JvmUtil] : isMultiInstance:false
[2022-10-31 17:19:01.423] [INFO ] [] [restartedMain] [o.s.c.b.c.PropertySourceBootstrapConfiguration] : Located property source: [BootstrapPropertySource {name='bootstrapProperties-gateway-dev.yaml,DEFAULT_GROUP'}, BootstrapPropertySource {name='bootstrapProperties-gateway.yaml,DEFAULT_GROUP'}, BootstrapPropertySource {name='bootstrapProperties-gateway,DEFAULT_GROUP'}]
[2022-10-31 17:20:46.499] [INFO ] [] [restartedMain] [o.s.b.d.env.DevToolsPropertyDefaultsPostProcessor] : Devtools property defaults active! Set 'spring.devtools.add-properties' to 'false' to disable
[2022-10-31 17:20:47.765] [INFO ] [] [restartedMain] [c.a.n.client.config.impl.LocalConfigInfoProcessor] : LOCAL_SNAPSHOT_PATH:C:\Users\86134\nacos\config
[2022-10-31 17:20:47.806] [INFO ] [] [restartedMain] [com.alibaba.nacos.client.config.impl.Limiter] : limitTime:5.0
[2022-10-31 17:20:47.840] [WARN ] [] [restartedMain] [c.a.cloud.nacos.client.NacosPropertySourceBuilder] : Ignore the empty nacos configuration and get it based on dataId[gateway] & group[DEFAULT_GROUP]
[2022-10-31 17:20:47.845] [WARN ] [] [restartedMain] [c.a.cloud.nacos.client.NacosPropertySourceBuilder] : Ignore the empty nacos configuration and get it based on dataId[gateway.yaml] & group[DEFAULT_GROUP]
[2022-10-31 17:20:47.849] [INFO ] [] [restartedMain] [com.alibaba.nacos.client.config.utils.JvmUtil] : isMultiInstance:false
[2022-10-31 17:20:47.862] [INFO ] [] [restartedMain] [o.s.c.b.c.PropertySourceBootstrapConfiguration] : Located property source: [BootstrapPropertySource {name='bootstrapProperties-gateway-dev.yaml,DEFAULT_GROUP'}, BootstrapPropertySource {name='bootstrapProperties-gateway.yaml,DEFAULT_GROUP'}, BootstrapPropertySource {name='bootstrapProperties-gateway,DEFAULT_GROUP'}]
[2022-10-31 17:22:42.224] [INFO ] [] [restartedMain] [o.s.b.d.env.DevToolsPropertyDefaultsPostProcessor] : Devtools property defaults active! Set 'spring.devtools.add-properties' to 'false' to disable
[2022-10-31 17:22:43.964] [INFO ] [] [restartedMain] [c.a.n.client.config.impl.LocalConfigInfoProcessor] : LOCAL_SNAPSHOT_PATH:C:\Users\86134\nacos\config
[2022-10-31 17:22:44.014] [INFO ] [] [restartedMain] [com.alibaba.nacos.client.config.impl.Limiter] : limitTime:5.0
[2022-10-31 17:22:44.048] [WARN ] [] [restartedMain] [c.a.cloud.nacos.client.NacosPropertySourceBuilder] : Ignore the empty nacos configuration and get it based on dataId[gateway] & group[DEFAULT_GROUP]
[2022-10-31 17:22:44.054] [WARN ] [] [restartedMain] [c.a.cloud.nacos.client.NacosPropertySourceBuilder] : Ignore the empty nacos configuration and get it based on dataId[gateway.yaml] & group[DEFAULT_GROUP]
[2022-10-31 17:22:44.061] [INFO ] [] [restartedMain] [com.alibaba.nacos.client.config.utils.JvmUtil] : isMultiInstance:false
[2022-10-31 17:22:44.078] [INFO ] [] [restartedMain] [o.s.c.b.c.PropertySourceBootstrapConfiguration] : Located property source: [BootstrapPropertySource {name='bootstrapProperties-gateway-dev.yaml,DEFAULT_GROUP'}, BootstrapPropertySource {name='bootstrapProperties-gateway.yaml,DEFAULT_GROUP'}, BootstrapPropertySource {name='bootstrapProperties-gateway,DEFAULT_GROUP'}]
[2022-10-31 17:25:10.694] [INFO ] [] [restartedMain] [o.s.b.d.env.DevToolsPropertyDefaultsPostProcessor] : Devtools property defaults active! Set 'spring.devtools.add-properties' to 'false' to disable
[2022-10-31 17:25:11.978] [INFO ] [] [restartedMain] [c.a.n.client.config.impl.LocalConfigInfoProcessor] : LOCAL_SNAPSHOT_PATH:C:\Users\86134\nacos\config
[2022-10-31 17:25:12.020] [INFO ] [] [restartedMain] [com.alibaba.nacos.client.config.impl.Limiter] : limitTime:5.0
[2022-10-31 17:25:12.054] [WARN ] [] [restartedMain] [c.a.cloud.nacos.client.NacosPropertySourceBuilder] : Ignore the empty nacos configuration and get it based on dataId[gateway] & group[DEFAULT_GROUP]
[2022-10-31 17:25:12.059] [WARN ] [] [restartedMain] [c.a.cloud.nacos.client.NacosPropertySourceBuilder] : Ignore the empty nacos configuration and get it based on dataId[gateway.yaml] & group[DEFAULT_GROUP]
[2022-10-31 17:25:12.064] [INFO ] [] [restartedMain] [com.alibaba.nacos.client.config.utils.JvmUtil] : isMultiInstance:false
[2022-10-31 17:25:12.077] [INFO ] [] [restartedMain] [o.s.c.b.c.PropertySourceBootstrapConfiguration] : Located property source: [BootstrapPropertySource {name='bootstrapProperties-gateway-dev.yaml,DEFAULT_GROUP'}, BootstrapPropertySource {name='bootstrapProperties-gateway.yaml,DEFAULT_GROUP'}, BootstrapPropertySource {name='bootstrapProperties-gateway,DEFAULT_GROUP'}]
[2022-10-31 17:26:08.379] [INFO ] [] [restartedMain] [o.s.b.d.env.DevToolsPropertyDefaultsPostProcessor] : Devtools property defaults active! Set 'spring.devtools.add-properties' to 'false' to disable
[2022-10-31 17:26:09.656] [INFO ] [] [restartedMain] [c.a.n.client.config.impl.LocalConfigInfoProcessor] : LOCAL_SNAPSHOT_PATH:C:\Users\86134\nacos\config
[2022-10-31 17:26:09.698] [INFO ] [] [restartedMain] [com.alibaba.nacos.client.config.impl.Limiter] : limitTime:5.0
[2022-10-31 17:26:09.728] [WARN ] [] [restartedMain] [c.a.cloud.nacos.client.NacosPropertySourceBuilder] : Ignore the empty nacos configuration and get it based on dataId[gateway] & group[DEFAULT_GROUP]
[2022-10-31 17:26:09.735] [WARN ] [] [restartedMain] [c.a.cloud.nacos.client.NacosPropertySourceBuilder] : Ignore the empty nacos configuration and get it based on dataId[gateway.yaml] & group[DEFAULT_GROUP]
[2022-10-31 17:26:09.740] [INFO ] [] [restartedMain] [com.alibaba.nacos.client.config.utils.JvmUtil] : isMultiInstance:false
[2022-10-31 17:26:09.753] [INFO ] [] [restartedMain] [o.s.c.b.c.PropertySourceBootstrapConfiguration] : Located property source: [BootstrapPropertySource {name='bootstrapProperties-gateway-dev.yaml,DEFAULT_GROUP'}, BootstrapPropertySource {name='bootstrapProperties-gateway.yaml,DEFAULT_GROUP'}, BootstrapPropertySource {name='bootstrapProperties-gateway,DEFAULT_GROUP'}]
