[2022-10-31 16:46:12.404] [INFO ] [] [restartedMain] [o.s.b.d.env.DevToolsPropertyDefaultsPostProcessor] : Devtools property defaults active! Set 'spring.devtools.add-properties' to 'false' to disable
[2022-10-31 16:46:13.822] [INFO ] [] [restartedMain] [c.a.n.client.config.impl.LocalConfigInfoProcessor] : LOCAL_SNAPSHOT_PATH:C:\Users\86134\nacos\config
[2022-10-31 16:46:13.867] [INFO ] [] [restartedMain] [com.alibaba.nacos.client.config.impl.Limiter] : limitTime:5.0
[2022-10-31 16:46:13.897] [WARN ] [] [restartedMain] [c.a.cloud.nacos.client.NacosPropertySourceBuilder] : Ignore the empty nacos configuration and get it based on dataId[inbound] & group[DEFAULT_GROUP]
[2022-10-31 16:46:13.902] [WARN ] [] [restartedMain] [c.a.cloud.nacos.client.NacosPropertySourceBuilder] : Ignore the empty nacos configuration and get it based on dataId[inbound.yaml] & group[DEFAULT_GROUP]
[2022-10-31 16:46:13.915] [INFO ] [] [restartedMain] [com.alibaba.nacos.client.config.utils.JvmUtil] : isMultiInstance:false
[2022-10-31 16:46:13.928] [INFO ] [] [restartedMain] [o.s.c.b.c.PropertySourceBootstrapConfiguration] : Located property source: [BootstrapPropertySource {name='bootstrapProperties-inbound-dev.yaml,DEFAULT_GROUP'}, BootstrapPropertySource {name='bootstrapProperties-inbound.yaml,DEFAULT_GROUP'}, BootstrapPropertySource {name='bootstrapProperties-inbound,DEFAULT_GROUP'}]
[2022-10-31 16:49:20.066] [INFO ] [] [restartedMain] [o.s.b.d.env.DevToolsPropertyDefaultsPostProcessor] : Devtools property defaults active! Set 'spring.devtools.add-properties' to 'false' to disable
[2022-10-31 16:49:21.531] [INFO ] [] [restartedMain] [c.a.n.client.config.impl.LocalConfigInfoProcessor] : LOCAL_SNAPSHOT_PATH:C:\Users\86134\nacos\config
[2022-10-31 16:49:21.573] [INFO ] [] [restartedMain] [com.alibaba.nacos.client.config.impl.Limiter] : limitTime:5.0
[2022-10-31 16:49:21.611] [WARN ] [] [restartedMain] [c.a.cloud.nacos.client.NacosPropertySourceBuilder] : Ignore the empty nacos configuration and get it based on dataId[inbound] & group[DEFAULT_GROUP]
[2022-10-31 16:49:21.618] [WARN ] [] [restartedMain] [c.a.cloud.nacos.client.NacosPropertySourceBuilder] : Ignore the empty nacos configuration and get it based on dataId[inbound.yaml] & group[DEFAULT_GROUP]
[2022-10-31 16:49:21.623] [INFO ] [] [restartedMain] [com.alibaba.nacos.client.config.utils.JvmUtil] : isMultiInstance:false
[2022-10-31 16:49:21.635] [INFO ] [] [restartedMain] [o.s.c.b.c.PropertySourceBootstrapConfiguration] : Located property source: [BootstrapPropertySource {name='bootstrapProperties-inbound-dev.yaml,DEFAULT_GROUP'}, BootstrapPropertySource {name='bootstrapProperties-inbound.yaml,DEFAULT_GROUP'}, BootstrapPropertySource {name='bootstrapProperties-inbound,DEFAULT_GROUP'}]
[2022-10-31 17:03:10.822] [INFO ] [] [restartedMain] [o.s.b.d.env.DevToolsPropertyDefaultsPostProcessor] : Devtools property defaults active! Set 'spring.devtools.add-properties' to 'false' to disable
[2022-10-31 17:03:12.190] [INFO ] [] [restartedMain] [c.a.n.client.config.impl.LocalConfigInfoProcessor] : LOCAL_SNAPSHOT_PATH:C:\Users\86134\nacos\config
[2022-10-31 17:03:12.238] [INFO ] [] [restartedMain] [com.alibaba.nacos.client.config.impl.Limiter] : limitTime:5.0
[2022-10-31 17:03:12.271] [WARN ] [] [restartedMain] [c.a.cloud.nacos.client.NacosPropertySourceBuilder] : Ignore the empty nacos configuration and get it based on dataId[inbound] & group[DEFAULT_GROUP]
[2022-10-31 17:03:12.281] [WARN ] [] [restartedMain] [c.a.cloud.nacos.client.NacosPropertySourceBuilder] : Ignore the empty nacos configuration and get it based on dataId[inbound.yaml] & group[DEFAULT_GROUP]
[2022-10-31 17:03:12.289] [INFO ] [] [restartedMain] [com.alibaba.nacos.client.config.utils.JvmUtil] : isMultiInstance:false
[2022-10-31 17:03:12.308] [INFO ] [] [restartedMain] [o.s.c.b.c.PropertySourceBootstrapConfiguration] : Located property source: [BootstrapPropertySource {name='bootstrapProperties-inbound-dev.yaml,DEFAULT_GROUP'}, BootstrapPropertySource {name='bootstrapProperties-inbound.yaml,DEFAULT_GROUP'}, BootstrapPropertySource {name='bootstrapProperties-inbound,DEFAULT_GROUP'}]
[2022-10-31 17:21:10.395] [INFO ] [] [restartedMain] [o.s.b.d.env.DevToolsPropertyDefaultsPostProcessor] : Devtools property defaults active! Set 'spring.devtools.add-properties' to 'false' to disable
[2022-10-31 17:21:11.700] [INFO ] [] [restartedMain] [c.a.n.client.config.impl.LocalConfigInfoProcessor] : LOCAL_SNAPSHOT_PATH:C:\Users\86134\nacos\config
[2022-10-31 17:21:11.742] [INFO ] [] [restartedMain] [com.alibaba.nacos.client.config.impl.Limiter] : limitTime:5.0
[2022-10-31 17:21:11.771] [WARN ] [] [restartedMain] [c.a.cloud.nacos.client.NacosPropertySourceBuilder] : Ignore the empty nacos configuration and get it based on dataId[inbound] & group[DEFAULT_GROUP]
[2022-10-31 17:21:11.778] [WARN ] [] [restartedMain] [c.a.cloud.nacos.client.NacosPropertySourceBuilder] : Ignore the empty nacos configuration and get it based on dataId[inbound.yaml] & group[DEFAULT_GROUP]
[2022-10-31 17:21:11.785] [INFO ] [] [restartedMain] [com.alibaba.nacos.client.config.utils.JvmUtil] : isMultiInstance:false
[2022-10-31 17:21:11.796] [INFO ] [] [restartedMain] [o.s.c.b.c.PropertySourceBootstrapConfiguration] : Located property source: [BootstrapPropertySource {name='bootstrapProperties-inbound-dev.yaml,DEFAULT_GROUP'}, BootstrapPropertySource {name='bootstrapProperties-inbound.yaml,DEFAULT_GROUP'}, BootstrapPropertySource {name='bootstrapProperties-inbound,DEFAULT_GROUP'}]
[2022-10-31 17:22:33.727] [INFO ] [] [restartedMain] [o.s.b.d.env.DevToolsPropertyDefaultsPostProcessor] : Devtools property defaults active! Set 'spring.devtools.add-properties' to 'false' to disable
[2022-10-31 17:22:35.006] [INFO ] [] [restartedMain] [c.a.n.client.config.impl.LocalConfigInfoProcessor] : LOCAL_SNAPSHOT_PATH:C:\Users\86134\nacos\config
[2022-10-31 17:22:35.052] [INFO ] [] [restartedMain] [com.alibaba.nacos.client.config.impl.Limiter] : limitTime:5.0
[2022-10-31 17:22:35.082] [WARN ] [] [restartedMain] [c.a.cloud.nacos.client.NacosPropertySourceBuilder] : Ignore the empty nacos configuration and get it based on dataId[inbound] & group[DEFAULT_GROUP]
[2022-10-31 17:22:35.087] [WARN ] [] [restartedMain] [c.a.cloud.nacos.client.NacosPropertySourceBuilder] : Ignore the empty nacos configuration and get it based on dataId[inbound.yaml] & group[DEFAULT_GROUP]
[2022-10-31 17:22:35.093] [INFO ] [] [restartedMain] [com.alibaba.nacos.client.config.utils.JvmUtil] : isMultiInstance:false
[2022-10-31 17:22:35.105] [INFO ] [] [restartedMain] [o.s.c.b.c.PropertySourceBootstrapConfiguration] : Located property source: [BootstrapPropertySource {name='bootstrapProperties-inbound-dev.yaml,DEFAULT_GROUP'}, BootstrapPropertySource {name='bootstrapProperties-inbound.yaml,DEFAULT_GROUP'}, BootstrapPropertySource {name='bootstrapProperties-inbound,DEFAULT_GROUP'}]
[2022-10-31 17:29:07.033] [INFO ] [] [restartedMain] [o.s.b.d.env.DevToolsPropertyDefaultsPostProcessor] : Devtools property defaults active! Set 'spring.devtools.add-properties' to 'false' to disable
[2022-10-31 17:29:08.332] [INFO ] [] [restartedMain] [c.a.n.client.config.impl.LocalConfigInfoProcessor] : LOCAL_SNAPSHOT_PATH:C:\Users\86134\nacos\config
[2022-10-31 17:29:08.379] [INFO ] [] [restartedMain] [com.alibaba.nacos.client.config.impl.Limiter] : limitTime:5.0
[2022-10-31 17:29:08.408] [WARN ] [] [restartedMain] [c.a.cloud.nacos.client.NacosPropertySourceBuilder] : Ignore the empty nacos configuration and get it based on dataId[inbound] & group[DEFAULT_GROUP]
[2022-10-31 17:29:08.414] [WARN ] [] [restartedMain] [c.a.cloud.nacos.client.NacosPropertySourceBuilder] : Ignore the empty nacos configuration and get it based on dataId[inbound.yaml] & group[DEFAULT_GROUP]
[2022-10-31 17:29:08.418] [INFO ] [] [restartedMain] [com.alibaba.nacos.client.config.utils.JvmUtil] : isMultiInstance:false
[2022-10-31 17:29:08.429] [INFO ] [] [restartedMain] [o.s.c.b.c.PropertySourceBootstrapConfiguration] : Located property source: [BootstrapPropertySource {name='bootstrapProperties-inbound-dev.yaml,DEFAULT_GROUP'}, BootstrapPropertySource {name='bootstrapProperties-inbound.yaml,DEFAULT_GROUP'}, BootstrapPropertySource {name='bootstrapProperties-inbound,DEFAULT_GROUP'}]
